<?xml version="1.0" encoding="UTF-8"?>
<!-- Generated by org.testng.reporters.JUnitReportReporter -->
<testsuite hostname="DESKTOP-38HBBRF" failures="0" tests="5" name="testCases.TC003_LoginDDT" time="18.260" errors="0" timestamp="2024-09-17T18:37:54 IST" skipped="0">
  <testcase classname="testCases.TC003_LoginDDT" name="verify_loginDDT" time="11.176"/>
  <testcase classname="testCases.TC003_LoginDDT" name="verify_loginDDT" time="1.680"/>
  <testcase classname="testCases.TC003_LoginDDT" name="verify_loginDDT" time="2.212"/>
  <testcase classname="testCases.TC003_LoginDDT" name="verify_loginDDT" time="1.552"/>
  <testcase classname="testCases.TC003_LoginDDT" name="verify_loginDDT" time="1.640"/>
</testsuite> <!-- testCases.TC003_LoginDDT -->
