<?xml version="1.0" encoding="UTF-8"?>
<!-- Generated by org.testng.reporters.JUnitReportReporter -->
<testsuite hostname="DESKTOP-38HBBRF" failures="0" tests="1" name="testCases.TC002_LoginTest" time="1.911" errors="0" timestamp="2024-09-19T15:02:39 IST" skipped="0">
  <testcase classname="testCases.TC002_LoginTest" name="verify_login" time="1.911"/>
</testsuite> <!-- testCases.TC002_LoginTest -->
