<?xml version="1.0" encoding="UTF-8"?>
<!-- Generated by org.testng.reporters.JUnitReportReporter -->
<testsuite hostname="DESKTOP-38HBBRF" failures="0" tests="1" name="testCases.TC_001_AccountRegistationTest" time="2.960" errors="0" timestamp="2024-09-19T15:43:42 IST" skipped="0">
  <testcase classname="testCases.TC_001_AccountRegistationTest" name="verify_account_registration" time="2.960"/>
</testsuite> <!-- testCases.TC_001_AccountRegistationTest -->
